# JRE version: OpenJDK Runtime Environment (11.0.8+10) (build 11.0.8+10-b944.6842174)
# Java VM: OpenJDK 64-Bit Server VM (11.0.8+10-b944.6842174, mixed mode, tiered, compressed oops, g1 gc, windows-amd64)
Heap:
 garbage-first heap   total 315392K, used 158054K [0x0000000080000000, 0x0000000100000000)
  region size 1024K, 101 young (103424K), 16 survivors (16384K)
 Metaspace       used 92325K, capacity 94643K, committed 94924K, reserved 1130496K
  class space    used 12113K, capacity 12942K, committed 13056K, reserved 1048576K
GC Heap History (20 events):
Event: 2.886 GC heap before
{Heap before GC invocations=3 (full 0):
 garbage-first heap   total 262144K, used 56977K [0x0000000080000000, 0x0000000100000000)
  region size 1024K, 47 young (48128K), 4 survivors (4096K)
 Metaspace       used 19214K, capacity 19703K, committed 19968K, reserved 1067008K
  class space    used 2339K, capacity 2492K, committed 2560K, reserved 1048576K
}
Event: 2.894 GC heap after
{Heap after GC invocations=4 (full 0):
 garbage-first heap   total 262144K, used 15971K [0x0000000080000000, 0x0000000100000000)
  region size 1024K, 3 young (3072K), 3 survivors (3072K)
 Metaspace       used 19214K, capacity 19703K, committed 19968K, reserved 1067008K
  class space    used 2339K, capacity 2492K, committed 2560K, reserved 1048576K
}
Event: 3.027 GC heap before
{Heap before GC invocations=4 (full 0):
 garbage-first heap   total 262144K, used 24163K [0x0000000080000000, 0x0000000100000000)
  region size 1024K, 12 young (12288K), 3 survivors (3072K)
 Metaspace       used 20670K, capacity 21112K, committed 21248K, reserved 1067008K
  class space    used 2532K, capacity 2711K, committed 2816K, reserved 1048576K
}
Event: 3.032 GC heap after
{Heap after GC invocations=5 (full 0):
 garbage-first heap   total 262144K, used 16173K [0x0000000080000000, 0x0000000100000000)
  region size 1024K, 4 young (4096K), 4 survivors (4096K)
 Metaspace       used 20670K, capacity 21112K, committed 21248K, reserved 1067008K
  class space    used 2532K, capacity 2711K, committed 2816K, reserved 1048576K
}
Event: 4.078 GC heap before
{Heap before GC invocations=6 (full 0):
 garbage-first heap   total 262144K, used 73517K [0x0000000080000000, 0x0000000100000000)
  region size 1024K, 60 young (61440K), 4 survivors (4096K)
 Metaspace       used 26863K, capacity 27541K, committed 27648K, reserved 1073152K
  class space    used 3530K, capacity 3753K, committed 3840K, reserved 1048576K
}
Event: 4.090 GC heap after
{Heap after GC invocations=7 (full 0):
 garbage-first heap   total 262144K, used 18120K [0x0000000080000000, 0x0000000100000000)
  region size 1024K, 6 young (6144K), 6 survivors (6144K)
 Metaspace       used 26863K, capacity 27541K, committed 27648K, reserved 1073152K
  class space    used 3530K, capacity 3753K, committed 3840K, reserved 1048576K
}
Event: 5.346 GC heap before
{Heap before GC invocations=7 (full 0):
 garbage-first heap   total 262144K, used 60104K [0x0000000080000000, 0x0000000100000000)
  region size 1024K, 49 young (50176K), 6 survivors (6144K)
 Metaspace       used 35080K, capacity 35800K, committed 35840K, reserved 1081344K
  class space    used 4559K, capacity 4825K, committed 4864K, reserved 1048576K
}
Event: 5.361 GC heap after
{Heap after GC invocations=8 (full 0):
 garbage-first heap   total 262144K, used 21172K [0x0000000080000000, 0x0000000100000000)
  region size 1024K, 8 young (8192K), 8 survivors (8192K)
 Metaspace       used 35080K, capacity 35800K, committed 35840K, reserved 1081344K
  class space    used 4559K, capacity 4825K, committed 4864K, reserved 1048576K
}
Event: 7.998 GC heap before
{Heap before GC invocations=9 (full 0):
 garbage-first heap   total 262144K, used 172724K [0x0000000080000000, 0x0000000100000000)
  region size 1024K, 153 young (156672K), 8 survivors (8192K)
 Metaspace       used 44420K, capacity 45423K, committed 45568K, reserved 1089536K
  class space    used 5672K, capacity 6044K, committed 6144K, reserved 1048576K
}
Event: 8.017 GC heap after
{Heap after GC invocations=10 (full 0):
 garbage-first heap   total 262144K, used 29364K [0x0000000080000000, 0x0000000100000000)
  region size 1024K, 16 young (16384K), 16 survivors (16384K)
 Metaspace       used 44420K, capacity 45423K, committed 45568K, reserved 1089536K
  class space    used 5672K, capacity 6044K, committed 6144K, reserved 1048576K
}
Event: 10.367 GC heap before
{Heap before GC invocations=10 (full 0):
 garbage-first heap   total 262144K, used 174772K [0x0000000080000000, 0x0000000100000000)
  region size 1024K, 153 young (156672K), 16 survivors (16384K)
 Metaspace       used 58133K, capacity 59598K, committed 59648K, reserved 1101824K
  class space    used 7385K, capacity 7903K, committed 7936K, reserved 1048576K
}
Event: 10.394 GC heap after
{Heap after GC invocations=11 (full 0):
 garbage-first heap   total 262144K, used 47909K [0x0000000080000000, 0x0000000100000000)
  region size 1024K, 20 young (20480K), 20 survivors (20480K)
 Metaspace       used 58133K, capacity 59598K, committed 59648K, reserved 1101824K
  class space    used 7385K, capacity 7903K, committed 7936K, reserved 1048576K
}
Event: 10.473 GC heap before
{Heap before GC invocations=11 (full 0):
 garbage-first heap   total 262144K, used 53029K [0x0000000080000000, 0x0000000100000000)
  region size 1024K, 25 young (25600K), 20 survivors (20480K)
 Metaspace       used 58592K, capacity 59952K, committed 60160K, reserved 1101824K
  class space    used 7421K, capacity 7910K, committed 7936K, reserved 1048576K
}
Event: 10.498 GC heap after
{Heap after GC invocations=12 (full 0):
 garbage-first heap   total 315392K, used 50978K [0x0000000080000000, 0x0000000100000000)
  region size 1024K, 3 young (3072K), 3 survivors (3072K)
 Metaspace       used 58592K, capacity 59952K, committed 60160K, reserved 1101824K
  class space    used 7421K, capacity 7910K, committed 7936K, reserved 1048576K
}
Event: 12.840 GC heap before
{Heap before GC invocations=13 (full 0):
 garbage-first heap   total 315392K, used 174882K [0x0000000080000000, 0x0000000100000000)
  region size 1024K, 124 young (126976K), 3 survivors (3072K)
 Metaspace       used 69712K, capacity 71156K, committed 71372K, reserved 1112064K
  class space    used 9060K, capacity 9607K, committed 9728K, reserved 1048576K
}
Event: 12.853 GC heap after
{Heap after GC invocations=14 (full 0):
 garbage-first heap   total 315392K, used 57539K [0x0000000080000000, 0x0000000100000000)
  region size 1024K, 9 young (9216K), 9 survivors (9216K)
 Metaspace       used 69712K, capacity 71156K, committed 71372K, reserved 1112064K
  class space    used 9060K, capacity 9607K, committed 9728K, reserved 1048576K
}
Event: 15.058 GC heap before
{Heap before GC invocations=14 (full 0):
 garbage-first heap   total 315392K, used 188611K [0x0000000080000000, 0x0000000100000000)
  region size 1024K, 138 young (141312K), 9 survivors (9216K)
 Metaspace       used 79712K, capacity 81610K, committed 81868K, reserved 1120256K
  class space    used 10331K, capacity 11002K, committed 11008K, reserved 1048576K
}
Event: 15.081 GC heap after
{Heap after GC invocations=15 (full 0):
 garbage-first heap   total 315392K, used 66213K [0x0000000080000000, 0x0000000100000000)
  region size 1024K, 18 young (18432K), 18 survivors (18432K)
 Metaspace       used 79712K, capacity 81610K, committed 81868K, reserved 1120256K
  class space    used 10331K, capacity 11002K, committed 11008K, reserved 1048576K
}
Event: 17.215 GC heap before
{Heap before GC invocations=15 (full 0):
 garbage-first heap   total 315392K, used 200357K [0x0000000080000000, 0x0000000100000000)
  region size 1024K, 150 young (153600K), 18 survivors (18432K)
 Metaspace       used 82379K, capacity 84392K, committed 84556K, reserved 1122304K
  class space    used 10644K, capacity 11351K, committed 11392K, reserved 1048576K
}
Event: 17.244 GC heap after
{Heap after GC invocations=16 (full 0):
 garbage-first heap   total 315392K, used 73062K [0x0000000080000000, 0x0000000100000000)
  region size 1024K, 16 young (16384K), 16 survivors (16384K)
 Metaspace       used 82379K, capacity 84392K, committed 84556K, reserved 1122304K
  class space    used 10644K, capacity 11351K, committed 11392K, reserved 1048576K
}

